<?xml version="1.0" encoding="UTF-8"?>
<!-- Generated by org.testng.reporters.JUnitXMLReporter -->
<testsuite hostname="WGC1003WDQX52" ignored="0" name="Add Customer Test" tests="4" failures="0" timestamp="11 Sep 2018 13:10:03 GMT" time="1.973" errors="0">
  <testcase name="addCustomerTest" time="0.746" classname="com.testcases.AddCustomerTest"/>
  <testcase name="addCustomerTest" time="0.0" classname="com.testcases.AddCustomerTest">
    <skipped/>
  </testcase> <!-- addCustomerTest -->
  <testcase name="addCustomerTest" time="0.535" classname="com.testcases.AddCustomerTest"/>
  <testcase name="addCustomerTest" time="0.565" classname="com.testcases.AddCustomerTest"/>
</testsuite> <!-- Add Customer Test -->
