<?xml version="1.0" encoding="UTF-8"?>
<testng-results skipped="1" failed="0" ignored="0" total="6" passed="5">
  <reporter-output>
    <line>
      <![CDATA[<br>Verifciation Failure expected [abc] but found [xyz]<br>]]>
    </line>
    <line>
      <![CDATA[<a href=Tue_Sep_11_18_40_00_IST_2018.jpg><img src=Tue_Sep_11_18_40_00_IST_2018.jpg height=1100 width=1100</img></a>]]>
    </line>
    <line>
      <![CDATA[<br>]]>
    </line>
    <line>
      <![CDATA[<br>]]>
    </line>
  </reporter-output>
  <suite name="Data Driven Basics" duration-ms="3568" started-at="2018-09-11T13:10:00Z" finished-at="2018-09-11T13:10:04Z">
    <groups>
    </groups>
    <test name="Bank Manager Login Test" duration-ms="750" started-at="2018-09-11T13:10:00Z" finished-at="2018-09-11T13:10:01Z">
      <class name="com.testcases.BankManagerLoginTest">
        <test-method status="PASS" signature="bankManagerLoginTest()[pri:0, instance:com.testcases.BankManagerLoginTest@67c33749]" name="bankManagerLoginTest" duration-ms="554" started-at="2018-09-11T18:40:00Z" finished-at="2018-09-11T18:40:01Z">
          <reporter-output>
            <line>
              <![CDATA[<br>Verifciation Failure expected [abc] but found [xyz]<br>]]>
            </line>
            <line>
              <![CDATA[<a href=Tue_Sep_11_18_40_00_IST_2018.jpg><img src=Tue_Sep_11_18_40_00_IST_2018.jpg height=1100 width=1100</img></a>]]>
            </line>
            <line>
              <![CDATA[<br>]]>
            </line>
            <line>
              <![CDATA[<br>]]>
            </line>
          </reporter-output>
        </test-method> <!-- bankManagerLoginTest -->
      </class> <!-- com.testcases.BankManagerLoginTest -->
    </test> <!-- Bank Manager Login Test -->
    <test name="Add Customer Test" duration-ms="1973" started-at="2018-09-11T13:10:01Z" finished-at="2018-09-11T13:10:03Z">
      <class name="com.testcases.AddCustomerTest">
        <test-method status="PASS" signature="addCustomerTest(java.util.Hashtable)[pri:0, instance:com.testcases.AddCustomerTest@47987356]" name="addCustomerTest" duration-ms="746" started-at="2018-09-11T18:40:01Z" data-provider="dp" finished-at="2018-09-11T18:40:02Z">
          <params>
            <param index="0">
              <value>
                <![CDATA[{alerttext=Customer added successfully, postcode=Maspnbe, lastname=Shresth, runmode=Y, firstname=Anupam}]]>
              </value>
            </param>
          </params>
          <reporter-output>
          </reporter-output>
        </test-method> <!-- addCustomerTest -->
        <test-method status="SKIP" signature="addCustomerTest(java.util.Hashtable)[pri:0, instance:com.testcases.AddCustomerTest@47987356]" name="addCustomerTest" duration-ms="0" started-at="2018-09-11T18:40:02Z" data-provider="dp" finished-at="2018-09-11T18:40:02Z">
          <params>
            <param index="0">
              <value>
                <![CDATA[{alerttext=Customer added successfully, postcode=patna, lastname=sinha, runmode=N, firstname=Nitesh}]]>
              </value>
            </param>
          </params>
          <exception class="org.testng.SkipException">
            <message>
              <![CDATA[Skipping the test case as Run Mode is No]]>
            </message>
            <full-stacktrace>
              <![CDATA[org.testng.SkipException: Skipping the test case as Run Mode is No
	at com.testcases.AddCustomerTest.addCustomerTest(AddCustomerTest.java:22)
	at sun.reflect.NativeMethodAccessorImpl.invoke0(Native Method)
	at sun.reflect.NativeMethodAccessorImpl.invoke(NativeMethodAccessorImpl.java:62)
	at sun.reflect.DelegatingMethodAccessorImpl.invoke(DelegatingMethodAccessorImpl.java:43)
	at java.lang.reflect.Method.invoke(Method.java:498)
	at org.testng.internal.MethodInvocationHelper.invokeMethod(MethodInvocationHelper.java:108)
	at org.testng.internal.Invoker.invokeMethod(Invoker.java:661)
	at org.testng.internal.Invoker.invokeTestMethod(Invoker.java:869)
	at org.testng.internal.Invoker.invokeTestMethods(Invoker.java:1193)
	at org.testng.internal.TestMethodWorker.invokeTestMethods(TestMethodWorker.java:126)
	at org.testng.internal.TestMethodWorker.run(TestMethodWorker.java:109)
	at org.testng.TestRunner.privateRun(TestRunner.java:744)
	at org.testng.TestRunner.run(TestRunner.java:602)
	at org.testng.SuiteRunner.runTest(SuiteRunner.java:380)
	at org.testng.SuiteRunner.runSequentially(SuiteRunner.java:375)
	at org.testng.SuiteRunner.privateRun(SuiteRunner.java:340)
	at org.testng.SuiteRunner.run(SuiteRunner.java:289)
	at org.testng.SuiteRunnerWorker.runSuite(SuiteRunnerWorker.java:52)
	at org.testng.SuiteRunnerWorker.run(SuiteRunnerWorker.java:86)
	at org.testng.TestNG.runSuitesSequentially(TestNG.java:1301)
	at org.testng.TestNG.runSuitesLocally(TestNG.java:1226)
	at org.testng.TestNG.runSuites(TestNG.java:1144)
	at org.testng.TestNG.run(TestNG.java:1115)
	at org.apache.maven.surefire.testng.TestNGExecutor.run(TestNGExecutor.java:295)
	at org.apache.maven.surefire.testng.TestNGXmlTestSuite.execute(TestNGXmlTestSuite.java:84)
	at org.apache.maven.surefire.testng.TestNGProvider.invoke(TestNGProvider.java:90)
	at org.apache.maven.surefire.booter.ForkedBooter.invokeProviderInSameClassLoader(ForkedBooter.java:203)
	at org.apache.maven.surefire.booter.ForkedBooter.runSuitesInProcess(ForkedBooter.java:155)
	at org.apache.maven.surefire.booter.ForkedBooter.main(ForkedBooter.java:103)
]]>
            </full-stacktrace>
          </exception> <!-- org.testng.SkipException -->
          <reporter-output>
          </reporter-output>
        </test-method> <!-- addCustomerTest -->
        <test-method status="PASS" signature="addCustomerTest(java.util.Hashtable)[pri:0, instance:com.testcases.AddCustomerTest@47987356]" name="addCustomerTest" duration-ms="535" started-at="2018-09-11T18:40:02Z" data-provider="dp" finished-at="2018-09-11T18:40:03Z">
          <params>
            <param index="0">
              <value>
                <![CDATA[{alerttext=Customer added successfully, postcode=Bza, lastname=Sinha, runmode=Y, firstname=Neerah}]]>
              </value>
            </param>
          </params>
          <reporter-output>
          </reporter-output>
        </test-method> <!-- addCustomerTest -->
        <test-method status="PASS" signature="addCustomerTest(java.util.Hashtable)[pri:0, instance:com.testcases.AddCustomerTest@47987356]" name="addCustomerTest" duration-ms="565" started-at="2018-09-11T18:40:03Z" data-provider="dp" finished-at="2018-09-11T18:40:03Z">
          <params>
            <param index="0">
              <value>
                <![CDATA[{alerttext=Customer added successfully, postcode=Pneb, lastname=Shankar, runmode=Y, firstname=Nidhi }]]>
              </value>
            </param>
          </params>
          <reporter-output>
          </reporter-output>
        </test-method> <!-- addCustomerTest -->
      </class> <!-- com.testcases.AddCustomerTest -->
    </test> <!-- Add Customer Test -->
    <test name="Open Account Test" duration-ms="765" started-at="2018-09-11T13:10:03Z" finished-at="2018-09-11T13:10:04Z">
      <class name="com.testcases.OpenAccountTest">
        <test-method status="PASS" signature="setUp()[pri:0, instance:com.testcases.OpenAccountTest@48f278eb]" name="setUp" is-config="true" duration-ms="7898" started-at="2018-09-11T18:39:53Z" finished-at="2018-09-11T18:40:00Z">
          <reporter-output>
          </reporter-output>
        </test-method> <!-- setUp -->
        <test-method status="PASS" signature="openAccountTest(java.util.Hashtable)[pri:0, instance:com.testcases.OpenAccountTest@48f278eb]" name="openAccountTest" duration-ms="743" started-at="2018-09-11T18:40:03Z" data-provider="dp" finished-at="2018-09-11T18:40:04Z">
          <params>
            <param index="0">
              <value>
                <![CDATA[{currency=Rupee, customer=Anupam Shresth}]]>
              </value>
            </param>
          </params>
          <reporter-output>
          </reporter-output>
        </test-method> <!-- openAccountTest -->
        <test-method status="PASS" signature="tesrDown()[pri:0, instance:com.testcases.OpenAccountTest@48f278eb]" name="tesrDown" is-config="true" duration-ms="967" started-at="2018-09-11T18:40:04Z" finished-at="2018-09-11T18:40:05Z">
          <reporter-output>
          </reporter-output>
        </test-method> <!-- tesrDown -->
      </class> <!-- com.testcases.OpenAccountTest -->
    </test> <!-- Open Account Test -->
  </suite> <!-- Data Driven Basics -->
</testng-results>
